0 info it worked if it ends with ok
1 verbose cli [ 'node', '/usr/local/bin/npm', 'start' ]
2 info using npm@1.4.3
3 info using node@v0.10.26
4 verbose run-script [ 'prestart', 'start', 'poststart' ]
5 info prestart zl_biz_tool_server@0.0.1
6 info start zl_biz_tool_server@0.0.1
7 verbose unsafe-perm in lifecycle true
8 info zl_biz_tool_server@0.0.1 Failed to exec start script
9 error zl_biz_tool_server@0.0.1 start: `DEBUG=zl_biz_tool_server supervisor -w 'services,models,controllers,config' -e 'html|node|js' node tl_server.js`
9 error Exit status 8
10 error Failed at the zl_biz_tool_server@0.0.1 start script.
10 error This is most likely a problem with the zl_biz_tool_server package,
10 error not with npm itself.
10 error Tell the author that this fails on your system:
10 error     DEBUG=zl_biz_tool_server supervisor -w 'services,models,controllers,config' -e 'html|node|js' node tl_server.js
10 error You can get their info via:
10 error     npm owner ls zl_biz_tool_server
10 error There is likely additional logging output above.
11 error System Darwin 13.4.0
12 error command "node" "/usr/local/bin/npm" "start"
13 error cwd /Users/tianyingchun/Works/tl_biz_tool/server
14 error node -v v0.10.26
15 error npm -v 1.4.3
16 error code ELIFECYCLE
17 verbose exit [ 1, true ]
